<?xml version="1.0" encoding="UTF-8"?>
<testng-results ignored="0" total="1" passed="1" failed="0" skipped="0">
  <reporter-output>
  </reporter-output>
  <suite started-at="2023-06-18T15:01:40 IST" name="Default suite" finished-at="2023-06-18T15:01:58 IST" duration-ms="18267">
    <groups>
    </groups>
    <test started-at="2023-06-18T15:01:40 IST" name="Default test" finished-at="2023-06-18T15:01:58 IST" duration-ms="18267">
      <class name="youtube.Counts">
        <test-method is-config="true" signature="lunchDriver()[pri:0, instance:youtube.Counts@5d7148e2]" started-at="2023-06-18T15:01:40 IST" name="lunchDriver" finished-at="2023-06-18T15:01:56 IST" duration-ms="16134" status="PASS">
          <reporter-output>
          </reporter-output>
        </test-method> <!-- lunchDriver -->
        <test-method signature="LikeCount()[pri:0, instance:youtube.Counts@5d7148e2]" started-at="2023-06-18T15:01:56 IST" name="LikeCount" finished-at="2023-06-18T15:01:57 IST" duration-ms="473" status="PASS">
          <reporter-output>
          </reporter-output>
        </test-method> <!-- LikeCount -->
        <test-method is-config="true" signature="closeDriver()[pri:0, instance:youtube.Counts@5d7148e2]" started-at="2023-06-18T15:01:57 IST" name="closeDriver" finished-at="2023-06-18T15:01:58 IST" duration-ms="1603" status="PASS">
          <reporter-output>
          </reporter-output>
        </test-method> <!-- closeDriver -->
      </class> <!-- youtube.Counts -->
    </test> <!-- Default test -->
  </suite> <!-- Default suite -->
</testng-results>
